<?xml version="1.0" encoding="UTF-8"?>
<!-- Generated by org.testng.reporters.JUnitXMLReporter -->
<testsuite ignored="0" hostname="WINDOWS-7LD1G3T" failures="0" tests="1" name="ExpediaWeb_Test" time="0.09" errors="0" timestamp="2021-07-15T10:36:42 PDT">
  <testcase classname="com.expedia.testCases.BaseClass" name="@BeforeClass setUp" time="-1.626370602889E9">
    <failure type="org.testng.TestNGException" message="
Can inject only one of &amp;lt;ITestContext, XmlTest&amp;gt; into a @BeforeClass annotated setUp.
For more information on native dependency injection please refer to https://testng.org/doc/documentation-main.html#native-dependency-injection">
      <![CDATA[org.testng.TestNGException: 
Can inject only one of <ITestContext, XmlTest> into a @BeforeClass annotated setUp.
For more information on native dependency injection please refer to https://testng.org/doc/documentation-main.html#native-dependency-injection
at java.base/java.util.ArrayList.forEach(ArrayList.java:1511)
... Removed 22 stack frames]]>
    </failure>
  </testcase> <!-- @BeforeClass setUp -->
  <testcase classname="com.expedia.testCases.BaseClass" name="@AfterClass tearDown" time="-1.626370602945E9">
    <skipped/>
  </testcase> <!-- @AfterClass tearDown -->
  <testcase classname="com.expedia.testCases.TC_LoginTest_001" name="LoginTest" time="0.0">
    <skipped/>
  </testcase> <!-- LoginTest -->
</testsuite> <!-- ExpediaWeb_Test -->
